<?xml version="1.0" encoding="UTF-8"?>
<!-- Generated by org.testng.reporters.JUnitReportReporter -->
<testsuite hostname="LAPTOP-L2LB3A44" name="raulshettyacademy.SeleniumFramework.ErrorValidationstest" tests="2" failures="0" timestamp="6 Nov 2022 02:34:21 GMT" time="56.453" errors="0">
  <testcase name="LoginErrorValidation" time="24.293" classname="raulshettyacademy.SeleniumFramework.ErrorValidationstest"/>
  <testcase name="ProductErrorValidation" time="32.160" classname="raulshettyacademy.SeleniumFramework.ErrorValidationstest"/>
</testsuite> <!-- raulshettyacademy.SeleniumFramework.ErrorValidationstest -->
