<?xml version="1.0" encoding="UTF-8"?>
<!-- Generated by org.testng.reporters.JUnitReportReporter -->
<testsuite hostname="LAPTOP-L2LB3A44" name="raulshettyacademy.SeleniumFramework.Submitordertest" tests="1" failures="0" timestamp="6 Nov 2022 02:34:21 GMT" time="33.553" errors="0">
  <testcase name="SubmitOrder" time="33.553" classname="raulshettyacademy.SeleniumFramework.Submitordertest"/>
</testsuite> <!-- raulshettyacademy.SeleniumFramework.Submitordertest -->
