<?xml version="1.0" encoding="UTF-8"?>
<!-- Generated by org.testng.reporters.JUnitReportReporter -->
<testsuite hostname="LAPTOP-L2LB3A44" name="CucumberFramework.TestNGTestRunner" tests="1" failures="0" timestamp="8 Nov 2022 23:21:24 GMT" time="13.647" errors="0">
  <testcase name="feature" time="13.647" classname="CucumberFramework.TestNGTestRunner"/>
</testsuite> <!-- CucumberFramework.TestNGTestRunner -->
