<?xml version="1.0" encoding="UTF-8"?>
<!-- Generated by org.testng.reporters.JUnitReportReporter -->
<testsuite skipped="0" hostname="LAPTOP-L2LB3A44" name="CucumberFramework.TestNGTestRunner" tests="1" failures="0" timestamp="08 Nov 2022 23:40:54 GMT" time="35.251" errors="0">
  <testcase name="feature" time="35.251" classname="CucumberFramework.TestNGTestRunner"/>
</testsuite> <!-- CucumberFramework.TestNGTestRunner -->
